f:\trabalho ga\jogo\libunicornio-master\projetos\jogo rpg ga anderson - vander\debug\vc120.pdb
f:\trabalho ga\jogo\libunicornio-master\projetos\jogo rpg ga anderson - vander\debug\vc120.idb
e:\trabalho ga\jogo\libunicornio-master\projetos\jogo rpg ga anderson - vander\debug\vc120.pdb
e:\trabalho ga\jogo\libunicornio-master\projetos\jogo rpg ga anderson - vander\debug\vc120.idb
e:\trabalho ga\jogo\libunicornio-master\projetos\jogo rpg ga anderson - vander\debug\controle.obj
e:\trabalho ga\jogo\libunicornio-master\projetos\jogo rpg ga anderson - vander\debug\equipamento.obj
e:\trabalho ga\jogo\libunicornio-master\projetos\jogo rpg ga anderson - vander\debug\formavivaview.obj
e:\trabalho ga\jogo\libunicornio-master\projetos\jogo rpg ga anderson - vander\debug\guerreiroview.obj
e:\trabalho ga\jogo\libunicornio-master\projetos\jogo rpg ga anderson - vander\debug\inimigo.obj
e:\trabalho ga\jogo\libunicornio-master\projetos\jogo rpg ga anderson - vander\debug\inventario.obj
e:\trabalho ga\jogo\libunicornio-master\projetos\jogo rpg ga anderson - vander\debug\item.obj
e:\trabalho ga\jogo\libunicornio-master\projetos\jogo rpg ga anderson - vander\debug\i_tela.obj
e:\trabalho ga\jogo\libunicornio-master\projetos\jogo rpg ga anderson - vander\debug\jogo.obj
e:\trabalho ga\jogo\libunicornio-master\projetos\jogo rpg ga anderson - vander\debug\main.obj
e:\trabalho ga\jogo\libunicornio-master\projetos\jogo rpg ga anderson - vander\debug\orc.obj
e:\trabalho ga\jogo\libunicornio-master\projetos\jogo rpg ga anderson - vander\debug\permonview.obj
e:\trabalho ga\jogo\libunicornio-master\projetos\jogo rpg ga anderson - vander\debug\personagem.obj
e:\trabalho ga\jogo\libunicornio-master\projetos\jogo rpg ga anderson - vander\debug\player.obj
e:\trabalho ga\jogo\libunicornio-master\projetos\jogo rpg ga anderson - vander\debug\tela.obj
e:\trabalho ga\jogo\libunicornio-master\projetos\jogo rpg ga anderson - vander\debug\telagrupo.obj
e:\trabalho ga\jogo\libunicornio-master\projetos\jogo rpg ga anderson - vander\debug\telainicial.obj
e:\trabalho ga\jogo\libunicornio-master\projetos\jogo rpg ga anderson - vander\debug\telamapa.obj
e:\trabalho ga\jogo\libunicornio-master\projetos\jogo rpg ga anderson - vander\debug\wave.obj
e:\trabalho ga\jogo\libunicornio-master\projetos\jogo rpg ga anderson - vander\debug\batalha.obj
e:\trabalho ga\jogo\libunicornio-master\projetos\jogo rpg ga anderson - vander\debug\batalhaview.obj
e:\trabalho ga\jogo\libunicornio-master\projetos\jogo rpg ga anderson - vander\debug\consumivel.obj
e:\trabalho ga\jogo\libunicornio-master\projetos\jogo rpg ga anderson - vander\debug\guerreiro.obj
f:\trabalho ga\jogo\libunicornio-master\projetos\jogo rpg ga anderson - vander\bin\base.ilk
f:\trabalho ga\jogo\libunicornio-master\projetos\jogo rpg ga anderson - vander\bin\base.exe
f:\trabalho ga\jogo\libunicornio-master\projetos\jogo rpg ga anderson - vander\bin\base.pdb
e:\trabalho ga\jogo\libunicornio-master\projetos\jogo rpg ga anderson - vander\bin\base.ilk
e:\trabalho ga\jogo\libunicornio-master\projetos\jogo rpg ga anderson - vander\bin\base.exe
e:\trabalho ga\jogo\libunicornio-master\projetos\jogo rpg ga anderson - vander\bin\base.pdb
e:\trabalho ga\jogo\libunicornio-master\projetos\jogo rpg ga anderson - vander\.\bin\base.exe
e:\trabalho ga\jogo\libunicornio-master\projetos\jogo rpg ga anderson - vander\debug\base.tlog\cl.read.1.tlog
e:\trabalho ga\jogo\libunicornio-master\projetos\jogo rpg ga anderson - vander\debug\base.tlog\link.read.1.tlog
e:\trabalho ga\jogo\libunicornio-master\projetos\jogo rpg ga anderson - vander\debug\base.tlog\cl.write.1.tlog
e:\trabalho ga\jogo\libunicornio-master\projetos\jogo rpg ga anderson - vander\debug\base.tlog\cl.command.1.tlog
e:\trabalho ga\jogo\libunicornio-master\projetos\jogo rpg ga anderson - vander\debug\base.tlog\link.write.1.tlog
e:\trabalho ga\jogo\libunicornio-master\projetos\jogo rpg ga anderson - vander\debug\base.tlog\link.command.1.tlog
