C:\Program Files\Microsoft Visual Studio\2022\Community\MSBuild\Microsoft\VC\v170\Microsoft.CppBuild.targets(520,5): warning MSB8004: Output Directory does not end with a trailing slash.  This build instance will add the slash as it is required to allow proper evaluation of the Output Directory.
Batalha.obj : warning LNK4075: ignoring '/EDITANDCONTINUE' due to '/SAFESEH' specification
Guerreiro.obj : error LNK2038: mismatch detected for '_MSC_VER': value '1800' doesn't match value '1900' in Consumivel.obj
GuerreiroView.obj : error LNK2038: mismatch detected for '_MSC_VER': value '1800' doesn't match value '1900' in Consumivel.obj
Player.obj : error LNK2038: mismatch detected for '_MSC_VER': value '1800' doesn't match value '1900' in Consumivel.obj
libUnicornio_d.lib(SpriteSheet.obj) : error LNK2038: mismatch detected for '_MSC_VER': value '1800' doesn't match value '1900' in Consumivel.obj
libUnicornio_d.lib(GerenciadorDeRecursos.obj) : error LNK2038: mismatch detected for '_MSC_VER': value '1800' doesn't match value '1900' in Consumivel.obj
libUnicornio_d.lib(Sprite.obj) : error LNK2038: mismatch detected for '_MSC_VER': value '1800' doesn't match value '1900' in Consumivel.obj
libUnicornio_d.lib(libUnicornio.obj) : error LNK2038: mismatch detected for '_MSC_VER': value '1800' doesn't match value '1900' in Consumivel.obj
libUnicornio_d.lib(Fonte.obj) : error LNK2038: mismatch detected for '_MSC_VER': value '1800' doesn't match value '1900' in Consumivel.obj
libUnicornio_d.lib(Audio.obj) : error LNK2038: mismatch detected for '_MSC_VER': value '1800' doesn't match value '1900' in Consumivel.obj
libUnicornio_d.lib(Janela.obj) : error LNK2038: mismatch detected for '_MSC_VER': value '1800' doesn't match value '1900' in Consumivel.obj
libUnicornio_d.lib(MixadorDeAudios.obj) : error LNK2038: mismatch detected for '_MSC_VER': value '1800' doesn't match value '1900' in Consumivel.obj
libUnicornio_d.lib(EventosMouse.obj) : error LNK2038: mismatch detected for '_MSC_VER': value '1800' doesn't match value '1900' in Consumivel.obj
libUnicornio_d.lib(EventosTeclado.obj) : error LNK2038: mismatch detected for '_MSC_VER': value '1800' doesn't match value '1900' in Consumivel.obj
libUnicornio_d.lib(EventosJoysticks.obj) : error LNK2038: mismatch detected for '_MSC_VER': value '1800' doesn't match value '1900' in Consumivel.obj
libUnicornio_d.lib(EventosTelaDeToque.obj) : error LNK2038: mismatch detected for '_MSC_VER': value '1800' doesn't match value '1900' in Consumivel.obj
libUnicornio_d.lib(EventosAplicacao.obj) : error LNK2038: mismatch detected for '_MSC_VER': value '1800' doesn't match value '1900' in Consumivel.obj
libUnicornio_d.lib(Eventos.obj) : error LNK2038: mismatch detected for '_MSC_VER': value '1800' doesn't match value '1900' in Consumivel.obj
libUnicornio_d.lib(Texto.obj) : error LNK2038: mismatch detected for '_MSC_VER': value '1800' doesn't match value '1900' in Consumivel.obj
libUnicornio_d.lib(Som.obj) : error LNK2038: mismatch detected for '_MSC_VER': value '1800' doesn't match value '1900' in Consumivel.obj
libUnicornio_d.lib(EventosInputTexto.obj) : error LNK2038: mismatch detected for '_MSC_VER': value '1800' doesn't match value '1900' in Consumivel.obj
MSVCRTD.lib(initializers.obj) : warning LNK4098: defaultlib 'msvcrt.lib' conflicts with use of other libs; use /NODEFAULTLIB:library
LINK : warning LNK4286: symbol '??0_Container_base12@std@@QAE@XZ (public: __thiscall std::_Container_base12::_Container_base12(void))' defined in 'Inimigo.obj' is imported by 'libUnicornio_d.lib(Eventos.obj)'
LINK : warning LNK4286: symbol '??0_Container_base12@std@@QAE@XZ (public: __thiscall std::_Container_base12::_Container_base12(void))' defined in 'Inimigo.obj' is imported by 'libUnicornio_d.lib(Texto.obj)'
LINK : warning LNK4217: symbol '??0_Container_base12@std@@QAE@XZ (public: __thiscall std::_Container_base12::_Container_base12(void))' defined in 'Inimigo.obj' is imported by 'libUnicornio_d.lib(Som.obj)' in function '"public: void __thiscall Som::setAngulo(short)" (?setAngulo@Som@@QAEXF@Z)'
LINK : warning LNK4286: symbol '??0_Container_base12@std@@QAE@XZ (public: __thiscall std::_Container_base12::_Container_base12(void))' defined in 'Inimigo.obj' is imported by 'libUnicornio_d.lib(EventosInputTexto.obj)'
LINK : warning LNK4217: symbol '??0_Container_base12@std@@QAE@XZ (public: __thiscall std::_Container_base12::_Container_base12(void))' defined in 'Inimigo.obj' is imported by 'libUnicornio_d.lib(EventosTeclado.obj)' in function '"public: void __thiscall std::_String_alloc<0,struct std::_String_base_types<char,class std::allocator<char> > >::_Alloc_proxy(void)" (?_Alloc_proxy@?$_String_alloc@$0A@U?$_String_base_types@DV?$allocator@D@std@@@std@@@std@@QAEXXZ)'
LINK : warning LNK4286: symbol '??0_Container_base12@std@@QAE@XZ (public: __thiscall std::_Container_base12::_Container_base12(void))' defined in 'Inimigo.obj' is imported by 'libUnicornio_d.lib(EventosJoysticks.obj)'
LINK : warning LNK4286: symbol '??0_Container_base12@std@@QAE@XZ (public: __thiscall std::_Container_base12::_Container_base12(void))' defined in 'Inimigo.obj' is imported by 'libUnicornio_d.lib(EventosTelaDeToque.obj)'
LINK : warning LNK4286: symbol '??0_Container_base12@std@@QAE@XZ (public: __thiscall std::_Container_base12::_Container_base12(void))' defined in 'Inimigo.obj' is imported by 'libUnicornio_d.lib(EventosAplicacao.obj)'
LINK : warning LNK4286: symbol '??0_Container_base12@std@@QAE@XZ (public: __thiscall std::_Container_base12::_Container_base12(void))' defined in 'Inimigo.obj' is imported by 'libUnicornio_d.lib(Audio.obj)'
LINK : warning LNK4286: symbol '??0_Container_base12@std@@QAE@XZ (public: __thiscall std::_Container_base12::_Container_base12(void))' defined in 'Inimigo.obj' is imported by 'libUnicornio_d.lib(Janela.obj)'
LINK : warning LNK4217: symbol '??0_Container_base12@std@@QAE@XZ (public: __thiscall std::_Container_base12::_Container_base12(void))' defined in 'Inimigo.obj' is imported by 'libUnicornio_d.lib(MixadorDeAudios.obj)' in function '"public: __thiscall std::_String_val<struct std::_Simple_types<char> >::_String_val<struct std::_Simple_types<char> >(void)" (??0?$_String_val@U?$_Simple_types@D@std@@@std@@QAE@XZ)'
LINK : warning LNK4286: symbol '??0_Container_base12@std@@QAE@XZ (public: __thiscall std::_Container_base12::_Container_base12(void))' defined in 'Inimigo.obj' is imported by 'libUnicornio_d.lib(EventosMouse.obj)'
LINK : warning LNK4286: symbol '??0_Container_base12@std@@QAE@XZ (public: __thiscall std::_Container_base12::_Container_base12(void))' defined in 'Inimigo.obj' is imported by 'libUnicornio_d.lib(GerenciadorDeRecursos.obj)'
LINK : warning LNK4286: symbol '??0_Container_base12@std@@QAE@XZ (public: __thiscall std::_Container_base12::_Container_base12(void))' defined in 'Inimigo.obj' is imported by 'libUnicornio_d.lib(Sprite.obj)'
LINK : warning LNK4286: symbol '??0_Container_base12@std@@QAE@XZ (public: __thiscall std::_Container_base12::_Container_base12(void))' defined in 'Inimigo.obj' is imported by 'libUnicornio_d.lib(libUnicornio.obj)'
LINK : warning LNK4286: symbol '??0_Container_base12@std@@QAE@XZ (public: __thiscall std::_Container_base12::_Container_base12(void))' defined in 'Inimigo.obj' is imported by 'libUnicornio_d.lib(Fonte.obj)'
LINK : warning LNK4217: symbol '??0_Container_base12@std@@QAE@XZ (public: __thiscall std::_Container_base12::_Container_base12(void))' defined in 'Inimigo.obj' is imported by 'Guerreiro.obj' in function '"public: __thiscall std::_String_val<struct std::_Simple_types<char> >::_String_val<struct std::_Simple_types<char> >(void)" (??0?$_String_val@U?$_Simple_types@D@std@@@std@@QAE@XZ)'
LINK : warning LNK4286: symbol '??0_Container_base12@std@@QAE@XZ (public: __thiscall std::_Container_base12::_Container_base12(void))' defined in 'Inimigo.obj' is imported by 'GuerreiroView.obj'
LINK : warning LNK4286: symbol '??0_Container_base12@std@@QAE@XZ (public: __thiscall std::_Container_base12::_Container_base12(void))' defined in 'Inimigo.obj' is imported by 'Player.obj'
LINK : warning LNK4286: symbol '??0_Container_base12@std@@QAE@XZ (public: __thiscall std::_Container_base12::_Container_base12(void))' defined in 'Inimigo.obj' is imported by 'libUnicornio_d.lib(SpriteSheet.obj)'
LINK : warning LNK4286: symbol '?_Orphan_all@_Container_base12@std@@QAEXXZ (public: void __thiscall std::_Container_base12::_Orphan_all(void))' defined in 'Inimigo.obj' is imported by 'libUnicornio_d.lib(Eventos.obj)'
LINK : warning LNK4286: symbol '?_Orphan_all@_Container_base12@std@@QAEXXZ (public: void __thiscall std::_Container_base12::_Orphan_all(void))' defined in 'Inimigo.obj' is imported by 'libUnicornio_d.lib(Texto.obj)'
LINK : warning LNK4217: symbol '?_Orphan_all@_Container_base12@std@@QAEXXZ (public: void __thiscall std::_Container_base12::_Orphan_all(void))' defined in 'Inimigo.obj' is imported by 'libUnicornio_d.lib(Som.obj)' in function '"public: void __thiscall Som::tocar(bool)" (?tocar@Som@@QAEX_N@Z)'
LINK : warning LNK4286: symbol '?_Orphan_all@_Container_base12@std@@QAEXXZ (public: void __thiscall std::_Container_base12::_Orphan_all(void))' defined in 'Inimigo.obj' is imported by 'libUnicornio_d.lib(EventosInputTexto.obj)'
LINK : warning LNK4217: symbol '?_Orphan_all@_Container_base12@std@@QAEXXZ (public: void __thiscall std::_Container_base12::_Orphan_all(void))' defined in 'Inimigo.obj' is imported by 'libUnicornio_d.lib(EventosTeclado.obj)' in function '"public: void __thiscall std::_String_alloc<0,struct std::_String_base_types<char,class std::allocator<char> > >::_Alloc_proxy(void)" (?_Alloc_proxy@?$_String_alloc@$0A@U?$_String_base_types@DV?$allocator@D@std@@@std@@@std@@QAEXXZ)'
LINK : warning LNK4286: symbol '?_Orphan_all@_Container_base12@std@@QAEXXZ (public: void __thiscall std::_Container_base12::_Orphan_all(void))' defined in 'Inimigo.obj' is imported by 'libUnicornio_d.lib(EventosJoysticks.obj)'
LINK : warning LNK4286: symbol '?_Orphan_all@_Container_base12@std@@QAEXXZ (public: void __thiscall std::_Container_base12::_Orphan_all(void))' defined in 'Inimigo.obj' is imported by 'libUnicornio_d.lib(EventosTelaDeToque.obj)'
LINK : warning LNK4217: symbol '?_Orphan_all@_Container_base12@std@@QAEXXZ (public: void __thiscall std::_Container_base12::_Orphan_all(void))' defined in 'Inimigo.obj' is imported by 'libUnicornio_d.lib(EventosAplicacao.obj)' in function '__catch$?_Copy@?$basic_string@DU?$char_traits@D@std@@V?$allocator@D@2@@std@@QAEXII@Z$1'
LINK : warning LNK4286: symbol '?_Orphan_all@_Container_base12@std@@QAEXXZ (public: void __thiscall std::_Container_base12::_Orphan_all(void))' defined in 'Inimigo.obj' is imported by 'libUnicornio_d.lib(Audio.obj)'
LINK : warning LNK4286: symbol '?_Orphan_all@_Container_base12@std@@QAEXXZ (public: void __thiscall std::_Container_base12::_Orphan_all(void))' defined in 'Inimigo.obj' is imported by 'libUnicornio_d.lib(Janela.obj)'
LINK : warning LNK4217: symbol '?_Orphan_all@_Container_base12@std@@QAEXXZ (public: void __thiscall std::_Container_base12::_Orphan_all(void))' defined in 'Inimigo.obj' is imported by 'libUnicornio_d.lib(MixadorDeAudios.obj)' in function '"public: void __thiscall std::_String_alloc<0,struct std::_String_base_types<char,class std::allocator<char> > >::_Free_proxy(void)" (?_Free_proxy@?$_String_alloc@$0A@U?$_String_base_types@DV?$allocator@D@std@@@std@@@std@@QAEXXZ)'
LINK : warning LNK4286: symbol '?_Orphan_all@_Container_base12@std@@QAEXXZ (public: void __thiscall std::_Container_base12::_Orphan_all(void))' defined in 'Inimigo.obj' is imported by 'libUnicornio_d.lib(EventosMouse.obj)'
LINK : warning LNK4286: symbol '?_Orphan_all@_Container_base12@std@@QAEXXZ (public: void __thiscall std::_Container_base12::_Orphan_all(void))' defined in 'Inimigo.obj' is imported by 'libUnicornio_d.lib(GerenciadorDeRecursos.obj)'
LINK : warning LNK4286: symbol '?_Orphan_all@_Container_base12@std@@QAEXXZ (public: void __thiscall std::_Container_base12::_Orphan_all(void))' defined in 'Inimigo.obj' is imported by 'libUnicornio_d.lib(Sprite.obj)'
LINK : warning LNK4286: symbol '?_Orphan_all@_Container_base12@std@@QAEXXZ (public: void __thiscall std::_Container_base12::_Orphan_all(void))' defined in 'Inimigo.obj' is imported by 'libUnicornio_d.lib(libUnicornio.obj)'
LINK : warning LNK4286: symbol '?_Orphan_all@_Container_base12@std@@QAEXXZ (public: void __thiscall std::_Container_base12::_Orphan_all(void))' defined in 'Inimigo.obj' is imported by 'libUnicornio_d.lib(Fonte.obj)'
LINK : warning LNK4217: symbol '?_Orphan_all@_Container_base12@std@@QAEXXZ (public: void __thiscall std::_Container_base12::_Orphan_all(void))' defined in 'Inimigo.obj' is imported by 'Guerreiro.obj' in function '"public: void __thiscall std::_String_alloc<0,struct std::_String_base_types<char,class std::allocator<char> > >::_Free_proxy(void)" (?_Free_proxy@?$_String_alloc@$0A@U?$_String_base_types@DV?$allocator@D@std@@@std@@@std@@QAEXXZ)'
LINK : warning LNK4286: symbol '?_Orphan_all@_Container_base12@std@@QAEXXZ (public: void __thiscall std::_Container_base12::_Orphan_all(void))' defined in 'Inimigo.obj' is imported by 'GuerreiroView.obj'
LINK : warning LNK4286: symbol '?_Orphan_all@_Container_base12@std@@QAEXXZ (public: void __thiscall std::_Container_base12::_Orphan_all(void))' defined in 'Inimigo.obj' is imported by 'Player.obj'
LINK : warning LNK4286: symbol '?_Orphan_all@_Container_base12@std@@QAEXXZ (public: void __thiscall std::_Container_base12::_Orphan_all(void))' defined in 'Inimigo.obj' is imported by 'libUnicornio_d.lib(SpriteSheet.obj)'
LINK : warning LNK4217: symbol '??0exception@std@@QAE@ABV01@@Z (public: __thiscall std::exception::exception(class std::exception const &))' defined in 'Inimigo.obj' is imported by 'libUnicornio_d.lib(EventosInputTexto.obj)' in function '"public: __thiscall std::runtime_error::runtime_error(class std::runtime_error const &)" (??0runtime_error@std@@QAE@ABV01@@Z)'
LINK : warning LNK4217: symbol '??1exception@std@@UAE@XZ (public: virtual __thiscall std::exception::~exception(void))' defined in 'Inimigo.obj' is imported by 'libUnicornio_d.lib(EventosInputTexto.obj)' in function '"public: virtual __thiscall std::runtime_error::~runtime_error(void)" (??1runtime_error@std@@UAE@XZ)'
libUnicornio_d.lib(Eventos.obj) : error LNK2001: unresolved external symbol "__declspec(dllimport) public: __thiscall std::_Container_base12::~_Container_base12(void)" (__imp_??1_Container_base12@std@@QAE@XZ)
libUnicornio_d.lib(Texto.obj) : error LNK2001: unresolved external symbol "__declspec(dllimport) public: __thiscall std::_Container_base12::~_Container_base12(void)" (__imp_??1_Container_base12@std@@QAE@XZ)
libUnicornio_d.lib(Som.obj) : error LNK2001: unresolved external symbol "__declspec(dllimport) public: __thiscall std::_Container_base12::~_Container_base12(void)" (__imp_??1_Container_base12@std@@QAE@XZ)
libUnicornio_d.lib(EventosInputTexto.obj) : error LNK2001: unresolved external symbol "__declspec(dllimport) public: __thiscall std::_Container_base12::~_Container_base12(void)" (__imp_??1_Container_base12@std@@QAE@XZ)
libUnicornio_d.lib(EventosTeclado.obj) : error LNK2001: unresolved external symbol "__declspec(dllimport) public: __thiscall std::_Container_base12::~_Container_base12(void)" (__imp_??1_Container_base12@std@@QAE@XZ)
libUnicornio_d.lib(EventosJoysticks.obj) : error LNK2001: unresolved external symbol "__declspec(dllimport) public: __thiscall std::_Container_base12::~_Container_base12(void)" (__imp_??1_Container_base12@std@@QAE@XZ)
libUnicornio_d.lib(EventosTelaDeToque.obj) : error LNK2001: unresolved external symbol "__declspec(dllimport) public: __thiscall std::_Container_base12::~_Container_base12(void)" (__imp_??1_Container_base12@std@@QAE@XZ)
libUnicornio_d.lib(EventosAplicacao.obj) : error LNK2001: unresolved external symbol "__declspec(dllimport) public: __thiscall std::_Container_base12::~_Container_base12(void)" (__imp_??1_Container_base12@std@@QAE@XZ)
libUnicornio_d.lib(Audio.obj) : error LNK2001: unresolved external symbol "__declspec(dllimport) public: __thiscall std::_Container_base12::~_Container_base12(void)" (__imp_??1_Container_base12@std@@QAE@XZ)
libUnicornio_d.lib(Janela.obj) : error LNK2001: unresolved external symbol "__declspec(dllimport) public: __thiscall std::_Container_base12::~_Container_base12(void)" (__imp_??1_Container_base12@std@@QAE@XZ)
libUnicornio_d.lib(MixadorDeAudios.obj) : error LNK2001: unresolved external symbol "__declspec(dllimport) public: __thiscall std::_Container_base12::~_Container_base12(void)" (__imp_??1_Container_base12@std@@QAE@XZ)
libUnicornio_d.lib(EventosMouse.obj) : error LNK2001: unresolved external symbol "__declspec(dllimport) public: __thiscall std::_Container_base12::~_Container_base12(void)" (__imp_??1_Container_base12@std@@QAE@XZ)
libUnicornio_d.lib(GerenciadorDeRecursos.obj) : error LNK2001: unresolved external symbol "__declspec(dllimport) public: __thiscall std::_Container_base12::~_Container_base12(void)" (__imp_??1_Container_base12@std@@QAE@XZ)
libUnicornio_d.lib(Sprite.obj) : error LNK2001: unresolved external symbol "__declspec(dllimport) public: __thiscall std::_Container_base12::~_Container_base12(void)" (__imp_??1_Container_base12@std@@QAE@XZ)
libUnicornio_d.lib(libUnicornio.obj) : error LNK2001: unresolved external symbol "__declspec(dllimport) public: __thiscall std::_Container_base12::~_Container_base12(void)" (__imp_??1_Container_base12@std@@QAE@XZ)
libUnicornio_d.lib(Fonte.obj) : error LNK2001: unresolved external symbol "__declspec(dllimport) public: __thiscall std::_Container_base12::~_Container_base12(void)" (__imp_??1_Container_base12@std@@QAE@XZ)
Guerreiro.obj : error LNK2001: unresolved external symbol "__declspec(dllimport) public: __thiscall std::_Container_base12::~_Container_base12(void)" (__imp_??1_Container_base12@std@@QAE@XZ)
GuerreiroView.obj : error LNK2001: unresolved external symbol "__declspec(dllimport) public: __thiscall std::_Container_base12::~_Container_base12(void)" (__imp_??1_Container_base12@std@@QAE@XZ)
Player.obj : error LNK2001: unresolved external symbol "__declspec(dllimport) public: __thiscall std::_Container_base12::~_Container_base12(void)" (__imp_??1_Container_base12@std@@QAE@XZ)
libUnicornio_d.lib(SpriteSheet.obj) : error LNK2001: unresolved external symbol "__declspec(dllimport) public: __thiscall std::_Container_base12::~_Container_base12(void)" (__imp_??1_Container_base12@std@@QAE@XZ)
libUnicornio_d.lib(Eventos.obj) : error LNK2001: unresolved external symbol "__declspec(dllimport) char const * __cdecl std::_Winerror_map(int)" (__imp_?_Winerror_map@std@@YAPBDH@Z)
libUnicornio_d.lib(Texto.obj) : error LNK2001: unresolved external symbol "__declspec(dllimport) char const * __cdecl std::_Winerror_map(int)" (__imp_?_Winerror_map@std@@YAPBDH@Z)
libUnicornio_d.lib(Som.obj) : error LNK2001: unresolved external symbol "__declspec(dllimport) char const * __cdecl std::_Winerror_map(int)" (__imp_?_Winerror_map@std@@YAPBDH@Z)
libUnicornio_d.lib(EventosInputTexto.obj) : error LNK2001: unresolved external symbol "__declspec(dllimport) char const * __cdecl std::_Winerror_map(int)" (__imp_?_Winerror_map@std@@YAPBDH@Z)
libUnicornio_d.lib(EventosTeclado.obj) : error LNK2001: unresolved external symbol "__declspec(dllimport) char const * __cdecl std::_Winerror_map(int)" (__imp_?_Winerror_map@std@@YAPBDH@Z)
libUnicornio_d.lib(EventosJoysticks.obj) : error LNK2001: unresolved external symbol "__declspec(dllimport) char const * __cdecl std::_Winerror_map(int)" (__imp_?_Winerror_map@std@@YAPBDH@Z)
libUnicornio_d.lib(EventosTelaDeToque.obj) : error LNK2001: unresolved external symbol "__declspec(dllimport) char const * __cdecl std::_Winerror_map(int)" (__imp_?_Winerror_map@std@@YAPBDH@Z)
libUnicornio_d.lib(EventosAplicacao.obj) : error LNK2001: unresolved external symbol "__declspec(dllimport) char const * __cdecl std::_Winerror_map(int)" (__imp_?_Winerror_map@std@@YAPBDH@Z)
libUnicornio_d.lib(Audio.obj) : error LNK2001: unresolved external symbol "__declspec(dllimport) char const * __cdecl std::_Winerror_map(int)" (__imp_?_Winerror_map@std@@YAPBDH@Z)
libUnicornio_d.lib(Janela.obj) : error LNK2001: unresolved external symbol "__declspec(dllimport) char const * __cdecl std::_Winerror_map(int)" (__imp_?_Winerror_map@std@@YAPBDH@Z)
libUnicornio_d.lib(MixadorDeAudios.obj) : error LNK2001: unresolved external symbol "__declspec(dllimport) char const * __cdecl std::_Winerror_map(int)" (__imp_?_Winerror_map@std@@YAPBDH@Z)
libUnicornio_d.lib(EventosMouse.obj) : error LNK2001: unresolved external symbol "__declspec(dllimport) char const * __cdecl std::_Winerror_map(int)" (__imp_?_Winerror_map@std@@YAPBDH@Z)
libUnicornio_d.lib(GerenciadorDeRecursos.obj) : error LNK2001: unresolved external symbol "__declspec(dllimport) char const * __cdecl std::_Winerror_map(int)" (__imp_?_Winerror_map@std@@YAPBDH@Z)
libUnicornio_d.lib(Sprite.obj) : error LNK2001: unresolved external symbol "__declspec(dllimport) char const * __cdecl std::_Winerror_map(int)" (__imp_?_Winerror_map@std@@YAPBDH@Z)
libUnicornio_d.lib(libUnicornio.obj) : error LNK2001: unresolved external symbol "__declspec(dllimport) char const * __cdecl std::_Winerror_map(int)" (__imp_?_Winerror_map@std@@YAPBDH@Z)
libUnicornio_d.lib(Fonte.obj) : error LNK2001: unresolved external symbol "__declspec(dllimport) char const * __cdecl std::_Winerror_map(int)" (__imp_?_Winerror_map@std@@YAPBDH@Z)
Guerreiro.obj : error LNK2001: unresolved external symbol "__declspec(dllimport) char const * __cdecl std::_Winerror_map(int)" (__imp_?_Winerror_map@std@@YAPBDH@Z)
GuerreiroView.obj : error LNK2001: unresolved external symbol "__declspec(dllimport) char const * __cdecl std::_Winerror_map(int)" (__imp_?_Winerror_map@std@@YAPBDH@Z)
Player.obj : error LNK2001: unresolved external symbol "__declspec(dllimport) char const * __cdecl std::_Winerror_map(int)" (__imp_?_Winerror_map@std@@YAPBDH@Z)
libUnicornio_d.lib(SpriteSheet.obj) : error LNK2001: unresolved external symbol "__declspec(dllimport) char const * __cdecl std::_Winerror_map(int)" (__imp_?_Winerror_map@std@@YAPBDH@Z)
Personagem.obj : error LNK2001: unresolved external symbol "public: virtual void __thiscall Personagem::equipar(void)" (?equipar@Personagem@@UAEXXZ)
Personagem.obj : error LNK2001: unresolved external symbol "public: virtual void __thiscall Personagem::usarItem(void)" (?usarItem@Personagem@@UAEXXZ)
libUnicornio_d.lib(EventosTelaDeToque.obj) : error LNK2001: unresolved external symbol "__declspec(dllimport) public: struct std::_Iterator_base12 * * __thiscall std::_Container_base12::_Getpfirst(void)const " (__imp_?_Getpfirst@_Container_base12@std@@QBEPAPAU_Iterator_base12@2@XZ)
libUnicornio_d.lib(Eventos.obj) : error LNK2001: unresolved external symbol "__declspec(dllimport) public: struct std::_Iterator_base12 * * __thiscall std::_Container_base12::_Getpfirst(void)const " (__imp_?_Getpfirst@_Container_base12@std@@QBEPAPAU_Iterator_base12@2@XZ)
libUnicornio_d.lib(SpriteSheet.obj) : error LNK2001: unresolved external symbol "__declspec(dllimport) public: struct std::_Iterator_base12 * * __thiscall std::_Container_base12::_Getpfirst(void)const " (__imp_?_Getpfirst@_Container_base12@std@@QBEPAPAU_Iterator_base12@2@XZ)
libUnicornio_d.lib(GerenciadorDeRecursos.obj) : error LNK2001: unresolved external symbol "__declspec(dllimport) public: struct std::_Iterator_base12 * * __thiscall std::_Container_base12::_Getpfirst(void)const " (__imp_?_Getpfirst@_Container_base12@std@@QBEPAPAU_Iterator_base12@2@XZ)
libUnicornio_d.lib(libUnicornio.obj) : error LNK2001: unresolved external symbol "__declspec(dllimport) public: struct std::_Iterator_base12 * * __thiscall std::_Container_base12::_Getpfirst(void)const " (__imp_?_Getpfirst@_Container_base12@std@@QBEPAPAU_Iterator_base12@2@XZ)
libUnicornio_d.lib(Fonte.obj) : error LNK2001: unresolved external symbol "__declspec(dllimport) public: struct std::_Iterator_base12 * * __thiscall std::_Container_base12::_Getpfirst(void)const " (__imp_?_Getpfirst@_Container_base12@std@@QBEPAPAU_Iterator_base12@2@XZ)
libUnicornio_d.lib(SpriteSheet.obj) : error LNK2019: unresolved external symbol "__declspec(dllimport) public: void __thiscall std::_Container_base12::_Swap_all(struct std::_Container_base12 &)" (__imp_?_Swap_all@_Container_base12@std@@QAEXAAU12@@Z) referenced in function "public: void __thiscall std::vector<struct Frame,class std::allocator<struct Frame> >::_Assign_rv(class std::vector<struct Frame,class std::allocator<struct Frame> > &&,struct std::integral_constant<bool,1>)" (?_Assign_rv@?$vector@UFrame@@V?$allocator@UFrame@@@std@@@std@@QAEX$$QAV12@U?$integral_constant@_N$00@2@@Z)
libUnicornio_d.lib(EventosTelaDeToque.obj) : error LNK2001: unresolved external symbol "__declspec(dllimport) public: void __thiscall std::_Container_base12::_Swap_all(struct std::_Container_base12 &)" (__imp_?_Swap_all@_Container_base12@std@@QAEXAAU12@@Z)
libUnicornio_d.lib(libUnicornio.obj) : error LNK2019: unresolved external symbol "__declspec(dllimport) public: __thiscall std::bad_cast::bad_cast(char const *)" (__imp_??0bad_cast@std@@QAE@PBD@Z) referenced in function "class std::ctype<char> const & __cdecl std::use_facet<class std::ctype<char> >(class std::locale const &)" (??$use_facet@V?$ctype@D@std@@@std@@YAABV?$ctype@D@0@ABVlocale@0@@Z)
libUnicornio_d.lib(libUnicornio.obj) : error LNK2001: unresolved external symbol "public: __thiscall std::bad_cast::bad_cast(class std::bad_cast const &)" (??0bad_cast@std@@QAE@ABV01@@Z)
libUnicornio_d.lib(libUnicornio.obj) : error LNK2001: unresolved external symbol "public: virtual __thiscall std::bad_cast::~bad_cast(void)" (??1bad_cast@std@@UAE@XZ)
libUnicornio_d.lib(EventosInputTexto.obj) : error LNK2019: unresolved external symbol "__declspec(dllimport) public: __thiscall std::exception::exception(char const * const &)" (__imp_??0exception@std@@QAE@ABQBD@Z) referenced in function "public: __thiscall std::runtime_error::runtime_error(char const *)" (??0runtime_error@std@@QAE@PBD@Z)
    Hint on symbols that are defined and could potentially match:
      "__declspec(dllimport) public: __thiscall std::exception::exception(class std::exception const &)" (__imp_??0exception@std@@QAE@ABV01@@Z)
libUnicornio_d.lib(EventosInputTexto.obj) : error LNK2019: unresolved external symbol "__declspec(dllimport) public: static void * __cdecl std::locale::facet::operator new(unsigned int)" (__imp_??2facet@locale@std@@SAPAXI@Z) referenced in function "public: __thiscall std::wstring_convert<class std::codecvt_utf8_utf16<wchar_t,1114111,0>,wchar_t,class std::allocator<wchar_t>,class std::allocator<char> >::wstring_convert<class std::codecvt_utf8_utf16<wchar_t,1114111,0>,wchar_t,class std::allocator<wchar_t>,class std::allocator<char> >(void)" (??0?$wstring_convert@V?$codecvt_utf8_utf16@_W$0BAPPPP@$0A@@std@@_WV?$allocator@_W@2@V?$allocator@D@2@@std@@QAE@XZ)
libUnicornio_d.lib(EventosInputTexto.obj) : error LNK2019: unresolved external symbol "__declspec(dllimport) public: static void __cdecl std::locale::facet::operator delete(void *)" (__imp_??3facet@locale@std@@SAXPAX@Z) referenced in function __unwindfunclet$??0?$wstring_convert@V?$codecvt_utf8_utf16@_W$0BAPPPP@$0A@@std@@_WV?$allocator@_W@2@V?$allocator@D@2@@std@@QAE@XZ$3
libUnicornio_d.lib(EventosInputTexto.obj) : error LNK2019: unresolved external symbol "__declspec(dllimport) public: int __thiscall std::codecvt<wchar_t,char,int>::in(int &,char const *,char const *,char const * &,wchar_t *,wchar_t *,wchar_t * &)const " (__imp_?in@?$codecvt@_WDH@std@@QBEHAAHPBD1AAPBDPA_W3AAPA_W@Z) referenced in function "public: class std::basic_string<wchar_t,struct std::char_traits<wchar_t>,class std::allocator<wchar_t> > __thiscall std::wstring_convert<class std::codecvt_utf8_utf16<wchar_t,1114111,0>,wchar_t,class std::allocator<wchar_t>,class std::allocator<char> >::from_bytes(char const *,char const *)" (?from_bytes@?$wstring_convert@V?$codecvt_utf8_utf16@_W$0BAPPPP@$0A@@std@@_WV?$allocator@_W@2@V?$allocator@D@2@@std@@QAE?AV?$basic_string@_WU?$char_traits@_W@std@@V?$allocator@_W@2@@2@PBD0@Z)
libUnicornio_d.lib(EventosInputTexto.obj) : error LNK2019: unresolved external symbol "__declspec(dllimport) public: __thiscall std::codecvt<wchar_t,char,int>::codecvt<wchar_t,char,int>(unsigned int)" (__imp_??0?$codecvt@_WDH@std@@QAE@I@Z) referenced in function "public: __thiscall std::codecvt_utf8_utf16<wchar_t,1114111,0>::codecvt_utf8_utf16<wchar_t,1114111,0>(unsigned int)" (??0?$codecvt_utf8_utf16@_W$0BAPPPP@$0A@@std@@QAE@I@Z)
libUnicornio_d.lib(EventosInputTexto.obj) : error LNK2019: unresolved external symbol "__declspec(dllimport) public: static unsigned int __cdecl std::codecvt<wchar_t,char,int>::_Getcat(class std::locale::facet const * *,class std::locale const *)" (__imp_?_Getcat@?$codecvt@_WDH@std@@SAIPAPBVfacet@locale@2@PBV42@@Z) referenced in function "public: __thiscall std::locale::locale<class std::codecvt_utf8_utf16<wchar_t,1114111,0> >(class std::locale const &,class std::codecvt_utf8_utf16<wchar_t,1114111,0> const *)" (??$?0V?$codecvt_utf8_utf16@_W$0BAPPPP@$0A@@std@@@locale@std@@QAE@ABV01@PBV?$codecvt_utf8_utf16@_W$0BAPPPP@$0A@@1@@Z)
    Hint on symbols that are defined and could potentially match:
      "__declspec(dllimport) public: static unsigned int __cdecl std::ctype<char>::_Getcat(class std::locale::facet const * *,class std::locale const *)" (__imp_?_Getcat@?$ctype@D@std@@SAIPAPBVfacet@locale@2@PBV42@@Z)
libUnicornio_d.lib(EventosInputTexto.obj) : error LNK2019: unresolved external symbol "__declspec(dllimport) protected: virtual __thiscall std::codecvt<wchar_t,char,int>::~codecvt<wchar_t,char,int>(void)" (__imp_??1?$codecvt@_WDH@std@@MAE@XZ) referenced in function "public: virtual __thiscall std::codecvt_utf8_utf16<wchar_t,1114111,0>::~codecvt_utf8_utf16<wchar_t,1114111,0>(void)" (??1?$codecvt_utf8_utf16@_W$0BAPPPP@$0A@@std@@UAE@XZ)
libUnicornio_d.lib(EventosInputTexto.obj) : error LNK2001: unresolved external symbol "__declspec(dllimport) public: static class std::locale::id std::codecvt<wchar_t,char,int>::id" (__imp_?id@?$codecvt@_WDH@std@@2V0locale@2@A)
    Hint on symbols that are defined and could potentially match:
      "__declspec(dllimport) public: static class std::locale::id std::ctype<char>::id" (__imp_?id@?$ctype@D@std@@2V0locale@2@A)
libUnicornio_d.lib(SDL_windows_main.obj) : error LNK2019: unresolved external symbol __imp__fprintf referenced in function _ShowError
libUnicornio_d.lib(SDL_windows_main.obj) : error LNK2019: unresolved external symbol __imp____iob_func referenced in function _ShowError
bin\base.exe : fatal error LNK1120: 19 unresolved externals
